\BOOKMARK [1][-]{section.1}{\376\377\000I\000n\000t\000r\000o\000d\000u\000c\000t\000i\000o\000n\000\040\000a\000n\000d\000\040\000M\000o\000t\000i\000v\000a\000t\000i\000o\000n}{}% 1
\BOOKMARK [2][-]{subsection.1.1}{\376\377\000I\000n\000t\000r\000o\000d\000u\000c\000t\000i\000o\000n\000\040\000t\000o\000\040\000t\000h\000e\000\040\000P\000r\000o\000b\000l\000e\000m}{section.1}% 2
\BOOKMARK [2][-]{subsection.1.2}{\376\377\000B\000a\000c\000k\000g\000r\000o\000u\000n\000d\000\040\000a\000n\000d\000\040\000R\000e\000l\000a\000t\000e\000d\000\040\000W\000o\000r\000k}{section.1}% 3
\BOOKMARK [2][-]{subsection.1.3}{\376\377\000O\000v\000e\000r\000v\000i\000e\000w\000\040\000o\000f\000\040\000t\000h\000e\000\040\000I\000d\000e\000a}{section.1}% 4
\BOOKMARK [3][-]{subsubsection.1.3.1}{\376\377\000S\000i\000l\000h\000o\000u\000e\000t\000t\000e\000\040\000I\000n\000i\000t\000i\000a\000l\000i\000s\000a\000t\000i\000o\000n}{subsection.1.3}% 5
\BOOKMARK [3][-]{subsubsection.1.3.2}{\376\377\000M\000e\000s\000h\000\040\000I\000n\000i\000t\000i\000a\000l\000i\000s\000a\000t\000i\000o\000n}{subsection.1.3}% 6
\BOOKMARK [3][-]{subsubsection.1.3.3}{\376\377\000D\000a\000t\000a\000s\000e\000t\000\040\000I\000n\000v\000e\000s\000t\000i\000g\000a\000t\000i\000o\000n}{subsection.1.3}% 7
\BOOKMARK [3][-]{subsubsection.1.3.4}{\376\377\000\050\000E\000x\000t\000e\000n\000s\000i\000o\000n\000\051\000\040\000C\000a\000m\000e\000r\000a\000\040\000P\000a\000r\000a\000m\000e\000t\000e\000r\000\040\000I\000n\000i\000t\000i\000a\000l\000i\000s\000a\000t\000i\000o\000n}{subsection.1.3}% 8
\BOOKMARK [1][-]{section.2}{\376\377\000M\000e\000t\000h\000o\000d}{}% 9
\BOOKMARK [2][-]{subsection.2.1}{\376\377\000B\000a\000s\000e\000l\000i\000n\000e\000\040\000A\000l\000g\000o\000r\000i\000t\000h\000m}{section.2}% 10
\BOOKMARK [3][-]{subsubsection.2.1.1}{\376\377\000S\000o\000f\000t\000\040\000R\000a\000s\000t\000e\000r\000i\000s\000e\000r}{subsection.2.1}% 11
\BOOKMARK [3][-]{subsubsection.2.1.2}{\376\377\000F\000i\000t\000t\000i\000n\000g\000\040\000P\000r\000o\000c\000e\000d\000u\000r\000e}{subsection.2.1}% 12
\BOOKMARK [3][-]{subsubsection.2.1.3}{\376\377\000D\000a\000t\000a}{subsection.2.1}% 13
\BOOKMARK [2][-]{subsection.2.2}{\376\377\000A\000l\000g\000o\000r\000i\000t\000h\000m\000\040\000I\000m\000p\000r\000o\000v\000e\000m\000e\000n\000t\000s}{section.2}% 14
\BOOKMARK [3][-]{subsubsection.2.2.1}{\376\377\000D\000a\000t\000a}{subsection.2.2}% 15
\BOOKMARK [3][-]{subsubsection.2.2.2}{\376\377\000S\000i\000l\000h\000o\000u\000e\000t\000t\000e\000\040\000I\000n\000i\000t\000i\000a\000l\000i\000s\000a\000t\000i\000o\000n}{subsection.2.2}% 16
\BOOKMARK [3][-]{subsubsection.2.2.3}{\376\377\000M\000e\000s\000h\000\040\000I\000n\000i\000t\000i\000a\000l\000i\000s\000a\000t\000i\000o\000n}{subsection.2.2}% 17
\BOOKMARK [2][-]{subsection.2.3}{\376\377\000I\000m\000p\000l\000e\000m\000e\000n\000t\000a\000t\000i\000o\000n\000\040\000D\000e\000t\000a\000i\000l\000s}{section.2}% 18
\BOOKMARK [3][-]{subsubsection.2.3.1}{\376\377\000D\000a\000t\000a\000\040\000P\000i\000p\000e\000l\000i\000n\000e}{subsection.2.3}% 19
\BOOKMARK [3][-]{subsubsection.2.3.2}{\376\377\000S\000i\000l\000h\000o\000u\000e\000t\000t\000e\000\040\000I\000n\000i\000t\000i\000a\000l\000i\000s\000a\000t\000i\000o\000n}{subsection.2.3}% 20
\BOOKMARK [3][-]{subsubsection.2.3.3}{\376\377\000M\000e\000s\000h\000\040\000I\000n\000i\000t\000i\000a\000l\000i\000s\000a\000t\000i\000o\000n}{subsection.2.3}% 21
\BOOKMARK [2][-]{subsection.2.4}{\376\377\000D\000a\000t\000a\000\040\000P\000i\000p\000e\000l\000i\000n\000e\000s}{section.2}% 22
\BOOKMARK [2][-]{subsection.2.5}{\376\377\000F\000i\000t\000t\000i\000n\000g\000\040\000P\000r\000o\000c\000e\000d\000u\000r\000e}{section.2}% 23
\BOOKMARK [1][-]{section.3}{\376\377\000E\000x\000p\000e\000r\000i\000m\000e\000n\000t\000s\000\040\000a\000n\000d\000\040\000E\000v\000a\000l\000u\000a\000t\000i\000o\000n}{}% 24
\BOOKMARK [2][-]{subsection.3.1}{\376\377\000D\000a\000t\000a\000s\000e\000t\000s}{section.3}% 25
\BOOKMARK [3][-]{subsubsection.3.1.1}{\376\377\000Q\000u\000a\000n\000t\000i\000t\000i\000v\000e}{subsection.3.1}% 26
\BOOKMARK [3][-]{subsubsection.3.1.2}{\376\377\000Q\000u\000a\000l\000i\000t\000a\000t\000i\000v\000e}{subsection.3.1}% 27
\BOOKMARK [2][-]{subsection.3.2}{\376\377\000S\000i\000l\000h\000o\000u\000e\000t\000t\000e\000\040\000I\000n\000i\000t\000i\000a\000l\000i\000s\000a\000t\000i\000o\000n}{section.3}% 28
\BOOKMARK [3][-]{subsubsection.3.2.1}{\376\377\000Q\000u\000a\000n\000t\000i\000t\000i\000v\000e}{subsection.3.2}% 29
\BOOKMARK [3][-]{subsubsection.3.2.2}{\376\377\000Q\000u\000a\000l\000i\000t\000a\000t\000i\000v\000e}{subsection.3.2}% 30
\BOOKMARK [2][-]{subsection.3.3}{\376\377\000M\000e\000s\000h\000\040\000I\000n\000i\000t\000i\000a\000l\000i\000s\000a\000t\000i\000o\000n}{section.3}% 31
\BOOKMARK [3][-]{subsubsection.3.3.1}{\376\377\000Q\000u\000a\000n\000t\000i\000t\000i\000v\000e}{subsection.3.3}% 32
\BOOKMARK [3][-]{subsubsection.3.3.2}{\376\377\000Q\000u\000a\000l\000i\000t\000a\000t\000i\000v\000e}{subsection.3.3}% 33
\BOOKMARK [2][-]{subsection.3.4}{\376\377\000C\000a\000m\000e\000r\000a\000\040\000I\000n\000i\000t\000i\000a\000l\000i\000s\000a\000t\000i\000o\000n}{section.3}% 34
\BOOKMARK [3][-]{subsubsection.3.4.1}{\376\377\000Q\000u\000a\000n\000t\000i\000t\000i\000v\000e}{subsection.3.4}% 35
\BOOKMARK [3][-]{subsubsection.3.4.2}{\376\377\000Q\000u\000a\000l\000i\000t\000a\000t\000i\000v\000e}{subsection.3.4}% 36
\BOOKMARK [1][-]{section.4}{\376\377\000C\000o\000n\000c\000l\000u\000s\000i\000o\000n\000s\000\040\000a\000n\000d\000\040\000F\000u\000t\000u\000r\000e\000\040\000D\000i\000r\000e\000c\000t\000i\000o\000n\000s}{}% 37
\BOOKMARK [2][-]{subsection.4.1}{\376\377\000C\000o\000n\000c\000l\000u\000s\000i\000o\000n\000s}{section.4}% 38
\BOOKMARK [2][-]{subsection.4.2}{\376\377\000D\000i\000s\000c\000u\000s\000s\000i\000o\000n\000\040\000o\000f\000\040\000L\000i\000m\000i\000t\000a\000t\000i\000o\000n\000s}{section.4}% 39
\BOOKMARK [2][-]{subsection.4.3}{\376\377\000F\000u\000t\000u\000r\000e\000\040\000D\000i\000r\000e\000c\000t\000i\000o\000n\000s}{section.4}% 40
\BOOKMARK [1][-]{section*.23}{\376\377\000R\000e\000f\000e\000r\000e\000n\000c\000e\000s}{}% 41
